Arguments: 
  /Users/samyang/.nvm/versions/node/v18.18.2/bin/node /usr/local/Cellar/yarn/1.21.1/libexec/bin/yarn.js

PATH: 
  /Users/samyang/.nvm/versions/node/v18.18.2/bin:/Users/samyang/Desktop/google-cloud-sdk/bin:/Users/samyang/Downloads/analyzer:ANDROID_SDK/emulator:ANDROID_SDK/platform-tools:ANDROID_SDK/tools:/Users/samyang/.pyenv/shims:/bin:/usr/local/sbin:/usr/local/bin:/sbin:/bin:/usr/sbin:/usr/bin

Yarn version: 
  1.21.1

Node version: 
  18.18.2

Platform: 
  darwin arm64

Trace: 
  Error: https://registry.yarnpkg.com/@xterm%2f%20addon-fit: Not found
      at params.callback [as _callback] (/usr/local/Cellar/yarn/1.21.1/libexec/lib/cli.js:66947:18)
      at self.callback (/usr/local/Cellar/yarn/1.21.1/libexec/lib/cli.js:140665:22)
      at Request.emit (node:events:517:28)
      at Request.<anonymous> (/usr/local/Cellar/yarn/1.21.1/libexec/lib/cli.js:141637:10)
      at Request.emit (node:events:517:28)
      at IncomingMessage.<anonymous> (/usr/local/Cellar/yarn/1.21.1/libexec/lib/cli.js:141559:12)
      at Object.onceWrapper (node:events:631:28)
      at IncomingMessage.emit (node:events:529:35)
      at endReadableNT (node:internal/streams/readable:1368:12)
      at process.processTicksAndRejections (node:internal/process/task_queues:82:21)

npm manifest: 
  {
    "name": "opendevin-frontend",
    "version": "0.1.0",
    "private": true,
    "type": "module",
    "engines": {
      "node": ">=14.8.0"
    },
    "dependencies": {
      "@monaco-editor/react": "^4.6.0",
      "@nextui-org/react": "^2.4.1",
      "@react-types/shared": "^3.23.1",
      "@reduxjs/toolkit": "^2.2.5",
      "@supabase/auth-ui-react": "^0.4.7",
      "@supabase/auth-ui-shared": "^0.1.8",
      "@supabase/supabase-js": "^2.43.5",
      "@tiptap/extension-code-block-lowlight": "^2.4.0",
      "@tiptap/extension-color": "^2.4.0",
      "@tiptap/extension-document": "^2.4.0",
      "@tiptap/extension-highlight": "^2.4.0",
      "@tiptap/extension-list-item": "^2.4.0",
      "@tiptap/extension-placeholder": "^2.4.0",
      "@tiptap/extension-text-style": "^2.4.0",
      "@tiptap/extension-typography": "^2.4.0",
      "@tiptap/pm": "^2.4.0",
      "@tiptap/react": "^2.4.0",
      "@tiptap/starter-kit": "^2.4.0",
      "@vercel/blob": "^0.23.3",
      "@vitejs/plugin-react": "^4.3.1",
      "@xterm/ addon-fit": "^0.10.0",
      "@xterm/xterm": "^5.4.0",
      "axios": "^1.7.2",
      "beautiful-react-hooks": "^5.0.2",
      "class-variance-authority": "^0.7.0",
      "clsx": "^2.1.1",
      "eslint-config-airbnb-typescript": "^18.0.0",
      "framer-motion": "^11.2.10",
      "i18next": "^23.11.5",
      "i18next-browser-languagedetector": "^8.0.0",
      "i18next-http-backend": "^2.5.2",
      "jose": "^5.4.0",
      "lowlight": "^3.1.0",
      "lucide-react": "^0.396.0",
      "monaco-editor": "^0.49.0",
      "novel": "^0.4.3",
      "react": "^18.3.1",
      "react-dom": "^18.3.1",
      "react-highlight": "^0.15.0",
      "react-hot-toast": "^2.4.1",
      "react-i18next": "^14.1.2",
      "react-icons": "^5.2.1",
      "react-markdown": "^9.0.1",
      "react-redux": "^7.2.4",
      "react-router-dom": "^6.23.1",
      "react-select": "^5.8.0",
      "react-syntax-highlighter": "^15.5.0",
      "react-tooltip": "^5.27.0",
      "redux": "^4.1.0",
      "redux-devtools-extension": "^2.13.9",
      "redux-persist": "^6.0.0",
      "redux-thunk": "2.3.0",
      "slate": "^0.103.0",
      "slate-react": "^0.105.0",
      "tailwind-merge": "^2.3.0",
      "tiptap-extension-auto-joiner": "^0.1.3",
      "tiptap-extension-global-drag-handle": "^0.1.8",
      "vite": "^5.3.1",
      "web-vitals": "^3.5.2"
    },
    "scripts": {
      "start": "npm run make-i18n && vite",
      "build": "tsc && vite build",
      "test": "vitest run",
      "preview": "vite preview",
      "make-i18n": "node scripts/make-i18n-translations.cjs",
      "prelint": "npm run make-i18n",
      "lint": "eslint src --ext .ts,.tsx,.js && prettier --check src/**/*.{ts,tsx}",
      "lint:fix": "eslint src --ext .ts,.tsx,.js --fix && prettier --write src/**/*.{ts,tsx}",
      "prepare": "cd .. && husky frontend/.husky"
    },
    "husky": {
      "hooks": {
        "pre-commit": "npm run test && lint-staged"
      }
    },
    "lint-staged": {
      "src/**/*.{ts,tsx,js}": [
        "eslint --fix",
        "prettier --write"
      ]
    },
    "devDependencies": {
      "@tailwindcss/typography": "^0.5.13",
      "@testing-library/jest-dom": "^6.4.6",
      "@testing-library/react": "^16.0.0",
      "@testing-library/user-event": "^14.5.2",
      "@types/node": "^20.14.2",
      "@types/react": "^18.3.3",
      "@types/react-dom": "^18.3.0",
      "@types/react-highlight": "^0.12.8",
      "@types/react-syntax-highlighter": "^15.5.13",
      "@typescript-eslint/eslint-plugin": "^7.13.0",
      "@typescript-eslint/parser": "^7.13.0",
      "autoprefixer": "^10.4.19",
      "eslint": "^8.57.0",
      "eslint-config-airbnb": "^19.0.4",
      "eslint-config-airbnb-typescript": "^18.0.0",
      "eslint-config-prettier": "^9.1.0",
      "eslint-plugin-import": "^2.29.1",
      "eslint-plugin-jsx-a11y": "^6.8.0",
      "eslint-plugin-prettier": "^5.1.3",
      "eslint-plugin-react": "^7.34.2",
      "eslint-plugin-react-hooks": "^4.6.2",
      "husky": "^9.0.11",
      "jsdom": "^24.1.0",
      "lint-staged": "^15.2.7",
      "postcss": "^8.4.38",
      "prettier": "^3.3.2",
      "tailwindcss": "^3.4.4",
      "typescript": "^5.4.5",
      "vite-tsconfig-paths": "^4.3.2",
      "vitest": "^1.6.0"
    },
    "packageManager": "npm@10.5.0",
    "volta": {
      "node": "18.20.1"
    }
  }

yarn manifest: 
  No manifest

Lockfile: 
  
